This is pdfTeX, Version 3.14159265-2.6-1.40.15 (MiKTeX 2.9 64-bit) (preloaded format=pdflatex 2016.3.29)  20 APR 2016 12:23
entering extended mode
**Finalproject.tex
(Finalproject.tex
LaTeX2e <2014/05/01>
Babel <3.9l> and hyphenation patterns for 68 languages loaded.
("C:\Program Files\MiKTeX 2.9\tex\latex\base\article.cls"
Document Class: article 2014/09/29 v1.4h Standard LaTeX document class
("C:\Program Files\MiKTeX 2.9\tex\latex\base\size10.clo"
File: size10.clo 2014/09/29 v1.4h Standard LaTeX file (size option)
)
\c@part=\count79
\c@section=\count80
\c@subsection=\count81
\c@subsubsection=\count82
\c@paragraph=\count83
\c@subparagraph=\count84
\c@figure=\count85
\c@table=\count86
\abovecaptionskip=\skip41
\belowcaptionskip=\skip42
\bibindent=\dimen102
)
("C:\Program Files\MiKTeX 2.9\tex\latex\amsmath\amsmath.sty"
Package: amsmath 2013/01/14 v2.14 AMS math features
\@mathmargin=\skip43

For additional information on amsmath, use the `?' option.
("C:\Program Files\MiKTeX 2.9\tex\latex\amsmath\amstext.sty"
Package: amstext 2000/06/29 v2.01

("C:\Program Files\MiKTeX 2.9\tex\latex\amsmath\amsgen.sty"
File: amsgen.sty 1999/11/30 v2.0
\@emptytoks=\toks14
\ex@=\dimen103
))
("C:\Program Files\MiKTeX 2.9\tex\latex\amsmath\amsbsy.sty"
Package: amsbsy 1999/11/29 v1.2d
\pmbraise@=\dimen104
)
("C:\Program Files\MiKTeX 2.9\tex\latex\amsmath\amsopn.sty"
Package: amsopn 1999/12/14 v2.01 operator names
)
\inf@bad=\count87
LaTeX Info: Redefining \frac on input line 210.
\uproot@=\count88
\leftroot@=\count89
LaTeX Info: Redefining \overline on input line 306.
\classnum@=\count90
\DOTSCASE@=\count91
LaTeX Info: Redefining \ldots on input line 378.
LaTeX Info: Redefining \dots on input line 381.
LaTeX Info: Redefining \cdots on input line 466.
\Mathstrutbox@=\box26
\strutbox@=\box27
\big@size=\dimen105
LaTeX Font Info:    Redeclaring font encoding OML on input line 566.
LaTeX Font Info:    Redeclaring font encoding OMS on input line 567.
\macc@depth=\count92
\c@MaxMatrixCols=\count93
\dotsspace@=\muskip10
\c@parentequation=\count94
\dspbrk@lvl=\count95
\tag@help=\toks15
\row@=\count96
\column@=\count97
\maxfields@=\count98
\andhelp@=\toks16
\eqnshift@=\dimen106
\alignsep@=\dimen107
\tagshift@=\dimen108
\tagwidth@=\dimen109
\totwidth@=\dimen110
\lineht@=\dimen111
\@envbody=\toks17
\multlinegap=\skip44
\multlinetaggap=\skip45
\mathdisplay@stack=\toks18
LaTeX Info: Redefining \[ on input line 2665.
LaTeX Info: Redefining \] on input line 2666.
)
("C:\Program Files\MiKTeX 2.9\tex\latex\theoremref\theoremref.sty"
Package: theoremref 2013/05/22 References with automatic theorem names
\thmref@num=\count99
)
\@glossaryfile=\write3

Writing glossary file Finalproject.glo 
(Finalproject.aux)
LaTeX Font Info:    Checking defaults for OML/cmm/m/it on input line 13.
LaTeX Font Info:    ... okay on input line 13.
LaTeX Font Info:    Checking defaults for T1/cmr/m/n on input line 13.
LaTeX Font Info:    ... okay on input line 13.
LaTeX Font Info:    Checking defaults for OT1/cmr/m/n on input line 13.
LaTeX Font Info:    ... okay on input line 13.
LaTeX Font Info:    Checking defaults for OMS/cmsy/m/n on input line 13.
LaTeX Font Info:    ... okay on input line 13.
LaTeX Font Info:    Checking defaults for OMX/cmex/m/n on input line 13.
LaTeX Font Info:    ... okay on input line 13.
LaTeX Font Info:    Checking defaults for U/cmr/m/n on input line 13.
LaTeX Font Info:    ... okay on input line 13.


LaTeX Warning: Citation `bandh' on page 1 undefined on input line 23.


LaTeX Warning: Citation `backhouse' on page 1 undefined on input line 25.


LaTeX Warning: Citation `bandh' on page 1 undefined on input line 68.

[1

{C:/ProgramData/MiKTeX/2.9/pdftex/config/pdftex.map}]

LaTeX Warning: Citation `bandh' on page 2 undefined on input line 93.


LaTeX Warning: Citation `bandh' on page 2 undefined on input line 95.

[2]

LaTeX Warning: Citation `bandh' on page 3 undefined on input line 166.


LaTeX Warning: Citation `bandh' on page 3 undefined on input line 170.

LaTeX Font Info:    Try loading font information for OMS+cmr on input line 173.

("C:\Program Files\MiKTeX 2.9\tex\latex\base\omscmr.fd"
File: omscmr.fd 2014/09/29 v2.5h Standard LaTeX font definitions
)
LaTeX Font Info:    Font shape `OMS/cmr/m/n' in size <10> not available
(Font)              Font shape `OMS/cmsy/m/n' tried instead on input line 173.
\c@spec=\count100


LaTeX Warning: Citation `bandh' on page 3 undefined on input line 211.


LaTeX Warning: Citation `dragon' on page 3 undefined on input line 220.


LaTeX Warning: Citation `bandh' on page 3 undefined on input line 229.


LaTeX Warning: Citation `bandh' on page 3 undefined on input line 233.

[3] [4]

LaTeX Warning: Citation `bandh' on page 5 undefined on input line 318.


LaTeX Warning: Citation `bandh' on page 5 undefined on input line 363.

[5]
Overfull \hbox (108.07599pt too wide) in paragraph at lines 438--438
[] 
 []

[6]
Overfull \hbox (42.35483pt too wide) in paragraph at lines 440--443
\OT1/cmr/m/n/10 men-ta-tion of the com-piler. GHCi: $\OML/cmm/m/it/10 PUSH \OT1
/cmr/m/n/10 0 (\OML/cmm/m/it/10 PUSH \OT1/cmr/m/n/10 1 (\OML/cmm/m/it/10 ADD \O
T1/cmr/m/n/10 (\OML/cmm/m/it/10 PUSH \OT1/cmr/m/n/10 2 (\OML/cmm/m/it/10 ADD HA
LT\OT1/cmr/m/n/10 ))))$ 
 []

[7]

LaTeX Warning: Citation `dragon' on page 8 undefined on input line 528.

[8] [9]
Overfull \hbox (35.84222pt too wide) in paragraph at lines 687--687
[] 
 []

[10]
Overfull \hbox (21.39774pt too wide) detected at line 694
\OML/cmm/m/it/10 PUSH \OT1/cmr/m/n/10 4 (\OML/cmm/m/it/10 PUSH \OT1/cmr/m/n/10 
5 (\OML/cmm/m/it/10 ADD \OT1/cmr/m/n/10 (\OML/cmm/m/it/10 PUSH \OT1/cmr/m/n/10 
2 (\OML/cmm/m/it/10 PUSH \OT1/cmr/m/n/10 3 (\OML/cmm/m/it/10 ADD \OT1/cmr/m/n/1
0 (\OML/cmm/m/it/10 PUSH \OT1/cmr/m/n/10 1 (\OML/cmm/m/it/10 ITE HALT\OT1/cmr/m
/n/10 )))))))
 []


Overfull \hbox (85.75266pt too wide) in paragraph at lines 721--721
[] 
 []

[11]
Overfull \hbox (0.46124pt too wide) detected at line 813
\OML/cmm/m/it/10 exec \OT1/cmr/m/n/10 (\OML/cmm/m/it/10 LITE ct ce\OT1/cmr/m/n/
10 ) (\OML/cmm/m/it/10 eval x \OT1/cmr/m/n/10 : \OML/cmm/m/it/10 s\OT1/cmr/m/n/
10 ) = \OML/cmm/m/it/10 exec c \OT1/cmr/m/n/10 (\OML/cmm/m/it/10 if eval x  \OM
S/cmsy/m/n/10 6\OT1/cmr/m/n/10 = 0 \OML/cmm/m/it/10 then eval y else eval z \OT
1/cmr/m/n/10 : \OML/cmm/m/it/10 s\OT1/cmr/m/n/10 )
 []


LaTeX Warning: Citation `bandh' on page 12 undefined on input line 817.

[12]
Overfull \hbox (50.2255pt too wide) detected at line 833
\OML/cmm/m/it/10 exec \OT1/cmr/m/n/10 (\OML/cmm/m/it/10 LITE \OT1/cmr/m/n/10 (\
OML/cmm/m/it/10 comp[] y c\OT1/cmr/m/n/10 ) (\OML/cmm/m/it/10 comp[] z c\OT1/cm
r/m/n/10 )) (\OML/cmm/m/it/10 k \OT1/cmr/m/n/10 : \OML/cmm/m/it/10 s\OT1/cmr/m/
n/10 ) = \OML/cmm/m/it/10 exec \OT1/cmr/m/n/10 (\OML/cmm/m/it/10 if k \OMS/cmsy
/m/n/10 6\OT1/cmr/m/n/10 = 0 \OML/cmm/m/it/10 then comp[] y c else comp[] z c\O
T1/cmr/m/n/10 ) \OML/cmm/m/it/10 s
 []


Overfull \hbox (7.32736pt too wide) in alignment at lines 872--876
 [][][] []
 []

[13]
Overfull \hbox (160.21356pt too wide) in paragraph at lines 914--914
[] 
 []


Overfull \hbox (83.3109pt too wide) in paragraph at lines 927--927
[] 
 []


Overfull \hbox (110.9997pt too wide) in paragraph at lines 949--949
[] 
 []

[14]
Overfull \hbox (100.44417pt too wide) in paragraph at lines 957--957
[] 
 []

[15]

LaTeX Warning: Citation `bandh' on page 16 undefined on input line 1003.


LaTeX Warning: Citation `bandh' on page 16 undefined on input line 1034.

[16] [17]
Underfull \hbox (badness 10000) in paragraph at lines 1125--1136

 []


Overfull \hbox (34.39188pt too wide) in paragraph at lines 1162--1162
[] 
 []

[18] [19]

LaTeX Warning: Citation `bandh' on page 20 undefined on input line 1308.


LaTeX Warning: Citation `bandh' on page 20 undefined on input line 1319.

[20]
Overfull \hbox (43.09402pt too wide) in alignment at lines 1352--1360
 [][][] []
 []

[21]
No file Finalproject.bbl.
[22] (Finalproject.aux)

LaTeX Warning: There were undefined references.

 ) 
Here is how much of TeX's memory you used:
 960 strings out of 493698
 10703 string characters out of 3144412
 74665 words of memory out of 3000000
 4330 multiletter control sequences out of 15000+200000
 10827 words of font info for 39 fonts, out of 3000000 for 9000
 1025 hyphenation exceptions out of 8191
 27i,8n,21p,231b,189s stack positions out of 5000i,500n,10000p,200000b,50000s
<C:/Program Files/MiKTeX 2.9/fonts/type1/public/amsfonts/cm/cmbx10.pfb><C:/Pr
ogram Files/MiKTeX 2.9/fonts/type1/public/amsfonts/cm/cmbx12.pfb><C:/Program Fi
les/MiKTeX 2.9/fonts/type1/public/amsfonts/cm/cmmi10.pfb><C:/Program Files/MiKT
eX 2.9/fonts/type1/public/amsfonts/cm/cmmi12.pfb><C:/Program Files/MiKTeX 2.9/f
onts/type1/public/amsfonts/cm/cmmi7.pfb><C:/Program Files/MiKTeX 2.9/fonts/type
1/public/amsfonts/cm/cmmi8.pfb><C:/Program Files/MiKTeX 2.9/fonts/type1/public/
amsfonts/cm/cmr10.pfb><C:/Program Files/MiKTeX 2.9/fonts/type1/public/amsfonts/
cm/cmr12.pfb><C:/Program Files/MiKTeX 2.9/fonts/type1/public/amsfonts/cm/cmr17.
pfb><C:/Program Files/MiKTeX 2.9/fonts/type1/public/amsfonts/cm/cmr6.pfb><C:/Pr
ogram Files/MiKTeX 2.9/fonts/type1/public/amsfonts/cm/cmr7.pfb><C:/Program File
s/MiKTeX 2.9/fonts/type1/public/amsfonts/cm/cmr8.pfb><C:/Program Files/MiKTeX 2
.9/fonts/type1/public/amsfonts/cm/cmsy10.pfb><C:/Program Files/MiKTeX 2.9/fonts
/type1/public/amsfonts/cm/cmsy7.pfb><C:/Program Files/MiKTeX 2.9/fonts/type1/pu
blic/amsfonts/cm/cmti10.pfb>
Output written on Finalproject.pdf (22 pages, 237511 bytes).
PDF statistics:
 133 PDF objects out of 1000 (max. 8388607)
 0 named destinations out of 1000 (max. 500000)
 1 words of extra memory for PDF output out of 10000 (max. 10000000)

